0 info it worked if it ends with ok
1 verbose cli [ 'node', '/usr/local/bin/npm', 'run', 'express' ]
2 info using npm@0.0.0
3 info using node@v0.10.32
4 verbose stack Error: missing script: express
4 verbose stack     at run (/usr/local/lib/node_modules/react-2/lib/run-script.js:147:19)
4 verbose stack     at /usr/local/lib/node_modules/react-2/lib/run-script.js:57:5
4 verbose stack     at /usr/local/lib/node_modules/react-2/node_modules/read-package-json/read-json.js:345:5
4 verbose stack     at checkBinReferences_ (/usr/local/lib/node_modules/react-2/node_modules/read-package-json/read-json.js:309:45)
4 verbose stack     at final (/usr/local/lib/node_modules/react-2/node_modules/read-package-json/read-json.js:343:3)
4 verbose stack     at then (/usr/local/lib/node_modules/react-2/node_modules/read-package-json/read-json.js:113:5)
4 verbose stack     at /usr/local/lib/node_modules/react-2/node_modules/read-package-json/read-json.js:300:12
4 verbose stack     at /usr/local/lib/node_modules/react-2/node_modules/graceful-fs/graceful-fs.js:78:16
4 verbose stack     at fs.js:271:14
4 verbose stack     at /usr/local/lib/node_modules/react-2/node_modules/graceful-fs/graceful-fs.js:43:10
5 verbose cwd /home/ec2-user/node/npm/TutorialCentreReservationSystem
6 error Linux 4.4.5-15.26.amzn1.x86_64
7 error argv "node" "/usr/local/bin/npm" "run" "express"
8 error node v0.10.32
9 error npm  v0.0.0
10 error missing script: express
11 error If you need help, you may report this error at:
11 error     <https://github.com/npm/npm/issues>
12 verbose exit [ 1, true ]
